using random seed 1686622271
This emulator compiled with JTAG Remote Bitbang client. To enable, use +jtag_rbb_enable=1.
Listening on port 40621
== Loading device model file '/auto/smobaraki/chip/chipyard/generators/testchipip/src/main/resources/dramsim2_ini/DDR3_micron_64M_8B_x4_sg15.ini' == 
== Loading system model file '/auto/smobaraki/chip/chipyard/generators/testchipip/src/main/resources/dramsim2_ini/system.ini' == 
===== MemorySystem 0 =====
CH. 0 TOTAL_STORAGE : 4096MB | 1 Ranks | 16 Devices per rank
DRAMSim2 Clock Frequency =666666666Hz, CPU Clock Frequency=100000000Hz
C0:         19 [1] pc=[0000000000010040] W[r10=0000000000010040][1] R[r 0=0000000000000000] R[r 0=0000000000000000] inst=[00000517] auipc   a0, 0x0
C0:         20 [1] pc=[0000000000010044] W[r10=0000000000010000][1] R[r10=0000000000010040] R[r 0=0000000000000000] inst=[fc050513] addi    a0, a0, -64
C0:         21 [1] pc=[0000000000010048] W[r 0=0000000000000000][1] R[r10=0000000000010000] R[r 0=0000000000000000] inst=[30551073] csrw    mtvec, a0
C0:         26 [1] pc=[000000000001004c] W[r 5=800000000094112d][1] R[r 0=0000000000000000] R[r 0=0000000000000000] inst=[301022f3] csrr    t0, misa
C0:         29 [1] pc=[0000000000010050] W[r 5=ffffe00000000025][1] R[r 5=800000000094112d] R[r 0=0000000000000000] inst=[4122d293] srai    t0, t0, 18
C0:         30 [1] pc=[0000000000010054] W[r 5=0000000000000001][1] R[r 5=ffffe00000000025] R[r 0=0000000000000000] inst=[0012f293] andi    t0, t0, 1
C0:         31 [1] pc=[0000000000010058] W[r 0=0000000000000000][0] R[r 5=0000000000000001] R[r 0=0000000000000000] inst=[00028463] beqz    t0, pc + 8
C0:         32 [1] pc=[000000000001005c] W[r 0=0000000000000000][1] R[r 0=0000000000000000] R[r 0=0000000000000000] inst=[30301073] csrw    mideleg, zero
C0:         37 [1] pc=[0000000000010060] W[r10=0000000000000008][1] R[r 0=0000000000000000] R[r 0=0000000000000000] inst=[00800513] li      a0, 8
C0:         38 [1] pc=[0000000000010064] W[r 0=0000000000000000][1] R[r10=0000000000000008] R[r 0=0000000000000000] inst=[30451073] csrw    mie, a0
C0:         43 [1] pc=[0000000000010068] W[r 0=0000000a00001800][1] R[r10=0000000000000008] R[r 0=0000000000000000] inst=[30052073] csrs    mstatus, a0
C0:         48 [0] pc=[000000000001006c] W[r 0=0000000000000000][0] R[r 0=0000000000000000] R[r 0=0000000000000000] inst=[10500073] wfi
C0:         67 [1] pc=[0000000000010000] W[r11=0000000002000000][1] R[r 0=0000000000000000] R[r 0=0000000000000000] inst=[020005b7] lui     a1, 0x2000
C0:         68 [1] pc=[0000000000010004] W[r10=0000000000000000][1] R[r 0=0000000000000000] R[r 0=0000000000000000] inst=[f1402573] csrr    a0, mhartid
C0:         71 [1] pc=[0000000000010008] W[r 0=0000000000000000][0] R[r10=0000000000000000] R[r 0=0000000000000000] inst=[00050463] beqz    a0, pc + 8
C0:         75 [1] pc=[0000000000010010] W[r12=0000000002000004][1] R[r11=0000000002000000] R[r 0=0000000000000000] inst=[00458613] addi    a2, a1, 4
C0:         76 [1] pc=[0000000000010014] W[r13=0000000000000001][1] R[r 0=0000000000000000] R[r 0=0000000000000000] inst=[00100693] li      a3, 1
C0:         77 [1] pc=[0000000000010018] W[r 0=0000000000000000][0] R[r12=0000000002000004] R[r13=0000000000000001] inst=[00d62023] sw      a3, 0(a2)
C0:         78 [1] pc=[000000000001001c] W[r12=0000000002000008][1] R[r12=0000000002000004] R[r 0=0000000000000000] inst=[00460613] addi    a2, a2, 4
C0:         84 [1] pc=[0000000000010020] W[r13=0000000000000000][0] R[r12=0000000002000008] R[r 0=0000000000000000] inst=[ffc62683] lw      a3, -4(a2)
C0:         92 [1] pc=[0000000000010024] W[r 0=0000000000000000][0] R[r13=0000000000000000] R[r 0=0000000000000000] inst=[fe069ae3] bnez    a3, pc - 12
C0:         93 [1] pc=[0000000000010028] W[r 0=000000000001002c][1] R[r 0=0000000000000000] R[r 0=0000000000000000] inst=[06c0006f] j       pc + 0x6c
C0:        113 [1] pc=[0000000000010094] W[r 0=0000000000000000][0] R[r11=0000000002000000] R[r 0=0000000000000000] inst=[0005a023] sw      zero, 0(a1)
C0:        114 [1] pc=[0000000000010098] W[r10=0000000000004000][1] R[r 0=0000000000000000] R[r 0=0000000000000000] inst=[00004537] lui     a0, 0x4
C0:        120 [1] pc=[000000000001009c] W[r10=0000000000000000][0] R[r10=0000000000004000] R[r 0=0000000000000000] inst=[00053503] ld      a0, 0(a0)
C0:        132 [1] pc=[00000000000100a0] W[r 0=000000000001006c][1] R[r10=0000000080000000] R[r 0=0000000000000000] inst=[34151073] csrw    mepc, a0
C0:        133 [1] pc=[00000000000100a4] W[r10=0000000000000000][1] R[r 0=0000000000000000] R[r 0=0000000000000000] inst=[f1402573] csrr    a0, mhartid
C0:        134 [1] pc=[00000000000100a8] W[r11=00000000000100a8][1] R[r 0=0000000000000000] R[r 0=0000000000000000] inst=[00000597] auipc   a1, 0x0
C0:        135 [1] pc=[00000000000100ac] W[r11=00000000000100c0][1] R[r11=00000000000100a8] R[r 0=0000000000000000] inst=[01858593] addi    a1, a1, 24
C0:        136 [1] pc=[00000000000100b0] W[r12=0000000000000080][1] R[r 0=0000000000000000] R[r 0=0000000000000000] inst=[08000613] li      a2, 128
C0:        137 [1] pc=[00000000000100b4] W[r 0=0000000a00001880][1] R[r12=0000000000000080] R[r 0=0000000000000000] inst=[30063073] csrc    mstatus, a2
C0:        142 [1] pc=[00000000000100b8] W[r 0=0000000000000000][0] R[r 0=0000000000000000] R[r 0=0000000000000000] inst=[30200073] mret
C0:       1061 [1] pc=[0000000080000000] W[r 1=0000000000000000][1] R[r 0=0000000000000000] R[r 0=0000000000000000] inst=[00004081] c.li    ra, 0
C0:       1062 [1] pc=[0000000080000002] W[r 2=0000000000000000][1] R[r 0=0000000000000000] R[r 0=0000000000000000] inst=[00004101] c.li    sp, 0
C0:       1063 [1] pc=[0000000080000004] W[r 3=0000000000000000][1] R[r 0=0000000000000000] R[r 0=0000000000000000] inst=[00004181] c.li    gp, 0
C0:       1064 [1] pc=[0000000080000006] W[r 4=0000000000000000][1] R[r 0=0000000000000000] R[r 0=0000000000000000] inst=[00004201] c.li    tp, 0
C0:       1065 [1] pc=[0000000080000008] W[r 5=0000000000000000][1] R[r 0=0000000000000000] R[r 0=0000000000000000] inst=[00004281] c.li    t0, 0
C0:       1066 [1] pc=[000000008000000a] W[r 6=0000000000000000][1] R[r 0=0000000000000000] R[r 0=0000000000000000] inst=[00004301] c.li    t1, 0
C0:       1067 [1] pc=[000000008000000c] W[r 7=0000000000000000][1] R[r 0=0000000000000000] R[r 0=0000000000000000] inst=[00004381] c.li    t2, 0
C0:       1068 [1] pc=[000000008000000e] W[r 8=0000000000000000][1] R[r 0=0000000000000000] R[r 0=0000000000000000] inst=[00004401] c.li    s0, 0
C0:       1069 [1] pc=[0000000080000010] W[r 9=0000000000000000][1] R[r 0=0000000000000000] R[r 0=0000000000000000] inst=[00004481] c.li    s1, 0
C0:       1070 [1] pc=[0000000080000012] W[r10=0000000000000000][1] R[r 0=0000000000000000] R[r 0=0000000000000000] inst=[00004501] c.li    a0, 0
C0:       1071 [1] pc=[0000000080000014] W[r11=0000000000000000][1] R[r 0=0000000000000000] R[r 0=0000000000000000] inst=[00004581] c.li    a1, 0
C0:       1072 [1] pc=[0000000080000016] W[r12=0000000000000000][1] R[r 0=0000000000000000] R[r 0=0000000000000000] inst=[00004601] c.li    a2, 0
C0:       1073 [1] pc=[0000000080000018] W[r13=0000000000000000][1] R[r 0=0000000000000000] R[r 0=0000000000000000] inst=[00004681] c.li    a3, 0
C0:       1074 [1] pc=[000000008000001a] W[r14=0000000000000000][1] R[r 0=0000000000000000] R[r 0=0000000000000000] inst=[00004701] c.li    a4, 0
C0:       1075 [1] pc=[000000008000001c] W[r15=0000000000000000][1] R[r 0=0000000000000000] R[r 0=0000000000000000] inst=[00004781] c.li    a5, 0
C0:       1076 [1] pc=[000000008000001e] W[r16=0000000000000000][1] R[r 0=0000000000000000] R[r 0=0000000000000000] inst=[00004801] c.li    a6, 0
C0:       1077 [1] pc=[0000000080000020] W[r17=0000000000000000][1] R[r 0=0000000000000000] R[r 0=0000000000000000] inst=[00004881] c.li    a7, 0
C0:       1078 [1] pc=[0000000080000022] W[r18=0000000000000000][1] R[r 0=0000000000000000] R[r 0=0000000000000000] inst=[00004901] c.li    s2, 0
C0:       1079 [1] pc=[0000000080000024] W[r19=0000000000000000][1] R[r 0=0000000000000000] R[r 0=0000000000000000] inst=[00004981] c.li    s3, 0
C0:       1080 [1] pc=[0000000080000026] W[r20=0000000000000000][1] R[r 0=0000000000000000] R[r 0=0000000000000000] inst=[00004a01] c.li    s4, 0
C0:       1081 [1] pc=[0000000080000028] W[r21=0000000000000000][1] R[r 0=0000000000000000] R[r 0=0000000000000000] inst=[00004a81] c.li    s5, 0
C0:       1082 [1] pc=[000000008000002a] W[r22=0000000000000000][1] R[r 0=0000000000000000] R[r 0=0000000000000000] inst=[00004b01] c.li    s6, 0
C0:       1083 [1] pc=[000000008000002c] W[r23=0000000000000000][1] R[r 0=0000000000000000] R[r 0=0000000000000000] inst=[00004b81] c.li    s7, 0
C0:       1084 [1] pc=[000000008000002e] W[r24=0000000000000000][1] R[r 0=0000000000000000] R[r 0=0000000000000000] inst=[00004c01] c.li    s8, 0
C0:       1085 [1] pc=[0000000080000030] W[r25=0000000000000000][1] R[r 0=0000000000000000] R[r 0=0000000000000000] inst=[00004c81] c.li    s9, 0
C0:       1086 [1] pc=[0000000080000032] W[r26=0000000000000000][1] R[r 0=0000000000000000] R[r 0=0000000000000000] inst=[00004d01] c.li    s10, 0
C0:       1087 [1] pc=[0000000080000034] W[r27=0000000000000000][1] R[r 0=0000000000000000] R[r 0=0000000000000000] inst=[00004d81] c.li    s11, 0
C0:       1088 [1] pc=[0000000080000036] W[r28=0000000000000000][1] R[r 0=0000000000000000] R[r 0=0000000000000000] inst=[00004e01] c.li    t3, 0
C0:       1089 [1] pc=[0000000080000038] W[r29=0000000000000000][1] R[r 0=0000000000000000] R[r 0=0000000000000000] inst=[00004e81] c.li    t4, 0
C0:       1090 [1] pc=[000000008000003a] W[r30=0000000000000000][1] R[r 0=0000000000000000] R[r 0=0000000000000000] inst=[00004f01] c.li    t5, 0
C0:       1091 [1] pc=[000000008000003c] W[r31=0000000000000000][1] R[r 0=0000000000000000] R[r 0=0000000000000000] inst=[00004f81] c.li    t6, 0
C0:       1092 [1] pc=[000000008000003e] W[r 5=000000000001e000][1] R[r 0=0000000000000000] R[r 0=0000000000000000] inst=[000062f9] c.lui   t0, 0x1e
C0:       1124 [1] pc=[0000000080000040] W[r 0=0000000a00000080][1] R[r 5=000000000001e000] R[r 0=0000000000000000] inst=[3002a073] csrs    mstatus, t0
C0:       1129 [1] pc=[0000000080000044] W[r 5=0000000080000044][1] R[r 0=0000000000000000] R[r 0=0000000000000000] inst=[00000297] auipc   t0, 0x0
C0:       1130 [1] pc=[0000000080000048] W[r 5=00000000800000d4][1] R[r 5=0000000080000044] R[r 0=0000000000000000] inst=[09028293] addi    t0, t0, 144
C0:       1131 [1] pc=[000000008000004c] W[r 0=0000000000010000][1] R[r 5=00000000800000d4] R[r 0=0000000000000000] inst=[30529073] csrw    mtvec, t0
C0:       1136 [1] pc=[0000000080000050] W[r 0=0000000000000000][1] R[r 0=0000000000000000] R[r 0=0000000000000000] inst=[00301073] csrw    fcsr, zero
C0:       1141 [1] pc=[0000000080000054] W[r 0=0000000000000000][0] R[r 0=0000000000000000] R[r 0=0000000000000000] inst=[f0000053] fmv.w.x ft0, zero
C0:       1142 [1] pc=[0000000080000058] W[r 1=0000000000000000][0] R[r 0=0000000000000000] R[r 0=0000000000000000] inst=[f00000d3] fmv.w.x ft1, zero
C0:       1143 [1] pc=[000000008000005c] W[r 2=0000000000000000][0] R[r 0=0000000000000000] R[r 0=0000000000000000] inst=[f0000153] fmv.w.x ft2, zero
C0:       1144 [1] pc=[0000000080000060] W[r 3=0000000000000000][0] R[r 0=0000000000000000] R[r 0=0000000000000000] inst=[f00001d3] fmv.w.x ft3, zero
C0:       1145 [1] pc=[0000000080000064] W[r 4=0000000000000000][0] R[r 0=0000000000000000] R[r 0=0000000000000000] inst=[f0000253] fmv.w.x ft4, zero
C0:       1146 [1] pc=[0000000080000068] W[r 5=0000000000000000][0] R[r 0=0000000000000000] R[r 0=0000000000000000] inst=[f00002d3] fmv.w.x ft5, zero
C0:       1147 [1] pc=[000000008000006c] W[r 6=0000000000000000][0] R[r 0=0000000000000000] R[r 0=0000000000000000] inst=[f0000353] fmv.w.x ft6, zero
C0:       1148 [1] pc=[0000000080000070] W[r 7=0000000000000000][0] R[r 0=0000000000000000] R[r 0=0000000000000000] inst=[f00003d3] fmv.w.x ft7, zero
C0:       1149 [1] pc=[0000000080000074] W[r 8=0000000000000000][0] R[r 0=0000000000000000] R[r 0=0000000000000000] inst=[f0000453] fmv.w.x fs0, zero
C0:       1150 [1] pc=[0000000080000078] W[r 9=0000000000000000][0] R[r 0=0000000000000000] R[r 0=0000000000000000] inst=[f00004d3] fmv.w.x fs1, zero
C0:       1151 [1] pc=[000000008000007c] W[r10=0000000000000000][0] R[r 0=0000000000000000] R[r 0=0000000000000000] inst=[f0000553] fmv.w.x fa0, zero
C0:       1183 [1] pc=[0000000080000080] W[r11=0000000000000000][0] R[r 0=0000000000000000] R[r 0=0000000000000000] inst=[f00005d3] fmv.w.x fa1, zero
C0:       1184 [1] pc=[0000000080000084] W[r12=0000000000000000][0] R[r 0=0000000000000000] R[r 0=0000000000000000] inst=[f0000653] fmv.w.x fa2, zero
C0:       1185 [1] pc=[0000000080000088] W[r13=0000000000000000][0] R[r 0=0000000000000000] R[r 0=0000000000000000] inst=[f00006d3] fmv.w.x fa3, zero
C0:       1186 [1] pc=[000000008000008c] W[r14=0000000000000000][0] R[r 0=0000000000000000] R[r 0=0000000000000000] inst=[f0000753] fmv.w.x fa4, zero
C0:       1187 [1] pc=[0000000080000090] W[r15=0000000000000000][0] R[r 0=0000000000000000] R[r 0=0000000000000000] inst=[f00007d3] fmv.w.x fa5, zero
C0:       1188 [1] pc=[0000000080000094] W[r16=0000000000000000][0] R[r 0=0000000000000000] R[r 0=0000000000000000] inst=[f0000853] fmv.w.x fa6, zero
C0:       1189 [1] pc=[0000000080000098] W[r17=0000000000000000][0] R[r 0=0000000000000000] R[r 0=0000000000000000] inst=[f00008d3] fmv.w.x fa7, zero
C0:       1190 [1] pc=[000000008000009c] W[r18=0000000000000000][0] R[r 0=0000000000000000] R[r 0=0000000000000000] inst=[f0000953] fmv.w.x fs2, zero
C0:       1191 [1] pc=[00000000800000a0] W[r19=0000000000000000][0] R[r 0=0000000000000000] R[r 0=0000000000000000] inst=[f00009d3] fmv.w.x fs3, zero
C0:       1192 [1] pc=[00000000800000a4] W[r20=0000000000000000][0] R[r 0=0000000000000000] R[r 0=0000000000000000] inst=[f0000a53] fmv.w.x fs4, zero
C0:       1193 [1] pc=[00000000800000a8] W[r21=0000000000000000][0] R[r 0=0000000000000000] R[r 0=0000000000000000] inst=[f0000ad3] fmv.w.x fs5, zero
C0:       1194 [1] pc=[00000000800000ac] W[r22=0000000000000000][0] R[r 0=0000000000000000] R[r 0=0000000000000000] inst=[f0000b53] fmv.w.x fs6, zero
C0:       1195 [1] pc=[00000000800000b0] W[r23=0000000000000000][0] R[r 0=0000000000000000] R[r 0=0000000000000000] inst=[f0000bd3] fmv.w.x fs7, zero
C0:       1196 [1] pc=[00000000800000b4] W[r24=0000000000000000][0] R[r 0=0000000000000000] R[r 0=0000000000000000] inst=[f0000c53] fmv.w.x fs8, zero
C0:       1197 [1] pc=[00000000800000b8] W[r25=0000000000000000][0] R[r 0=0000000000000000] R[r 0=0000000000000000] inst=[f0000cd3] fmv.w.x fs9, zero
C0:       1198 [1] pc=[00000000800000bc] W[r26=0000000000000000][0] R[r 0=0000000000000000] R[r 0=0000000000000000] inst=[f0000d53] fmv.w.x fs10, zero
C0:       1230 [1] pc=[00000000800000c0] W[r27=0000000000000000][0] R[r 0=0000000000000000] R[r 0=0000000000000000] inst=[f0000dd3] fmv.w.x fs11, zero
C0:       1231 [1] pc=[00000000800000c4] W[r28=0000000000000000][0] R[r 0=0000000000000000] R[r 0=0000000000000000] inst=[f0000e53] fmv.w.x ft8, zero
C0:       1232 [1] pc=[00000000800000c8] W[r29=0000000000000000][0] R[r 0=0000000000000000] R[r 0=0000000000000000] inst=[f0000ed3] fmv.w.x ft9, zero
C0:       1233 [1] pc=[00000000800000cc] W[r30=0000000000000000][0] R[r 0=0000000000000000] R[r 0=0000000000000000] inst=[f0000f53] fmv.w.x ft10, zero
C0:       1234 [1] pc=[00000000800000d0] W[r31=0000000000000000][0] R[r 0=0000000000000000] R[r 0=0000000000000000] inst=[f0000fd3] fmv.w.x ft11, zero
C0:       1235 [1] pc=[00000000800000d4] W[r 3=00000000800010d4][1] R[r 0=0000000000000000] R[r 0=0000000000000000] inst=[00001197] auipc   gp, 0x1
C0:       1236 [1] pc=[00000000800000d8] W[r 3=0000000080000e80][1] R[r 3=00000000800010d4] R[r 0=0000000000000000] inst=[dac18193] addi    gp, gp, -596
C0:       1237 [1] pc=[00000000800000dc] W[r 8=0000000000000000][1] R[r 0=0000000000000000] R[r 0=0000000000000000] inst=[f1402473] csrr    s0, mhartid
C0:       1238 [1] pc=[00000000800000e0] W[r 5=000000000000000f][1] R[r 0=0000000000000000] R[r 0=0000000000000000] inst=[00f00293] li      t0, 15
C0:       1239 [1] pc=[00000000800000e4] W[r 4=00000000800210e4][1] R[r 0=0000000000000000] R[r 0=0000000000000000] inst=[00021217] auipc   tp, 0x21
C0:       1240 [1] pc=[00000000800000e8] W[r 4=0000000080021000][1] R[r 4=00000000800210e4] R[r 0=0000000000000000] inst=[f1c20213] addi    tp, tp, -228
C0:       1241 [1] pc=[00000000800000ec] W[r 5=0000000000000000][1] R[r 8=0000000000000000] R[r 5=000000000000000f] inst=[005412b3] sll     t0, s0, t0
C0:       1242 [1] pc=[00000000800000f0] W[r 4=0000000080021000][1] R[r 4=0000000080021000] R[r 5=0000000000000000] inst=[00009216] c.add   tp, t0
C0:       1243 [1] pc=[00000000800000f2] W[r 5=0000000000008000][1] R[r 0=0000000000000000] R[r 0=0000000000000000] inst=[000062a1] c.lui   t0, 0x8
C0:       1244 [1] pc=[00000000800000f4] W[r 5=0000000000008000][1] R[r 5=0000000000008000] R[r 0=0000000000000000] inst=[00028293] mv      t0, t0
C0:       1245 [1] pc=[00000000800000f8] W[r 2=0000000080029000][1] R[r 4=0000000080021000] R[r 5=0000000000008000] inst=[00520133] add     sp, tp, t0
C0:       1246 [1] pc=[00000000800000fc] W[r 5=00000000800000fc][1] R[r 0=0000000000000000] R[r 0=0000000000000000] inst=[00000297] auipc   t0, 0x0
C0:       1278 [1] pc=[0000000080000100] W[r 5=0000000080000140][1] R[r 5=00000000800000fc] R[r 0=0000000000000000] inst=[04428293] addi    t0, t0, 68
C0:       1279 [1] pc=[0000000080000104] W[r 0=00000000800000d4][1] R[r 5=0000000080000140] R[r 0=0000000000000000] inst=[30529073] csrw    mtvec, t0
C0:       1284 [1] pc=[0000000080000108] W[r 1=000000008000010c][1] R[r 0=0000000000000000] R[r 0=0000000000000000] inst=[158000ef] jal     pc + 0x158
C0:       1316 [1] pc=[0000000080000260] W[r 2=0000000080028ff0][1] R[r 2=0000000080029000] R[r 0=0000000000000000] inst=[00001141] c.addi  sp, -16
C0:       1317 [1] pc=[0000000080000262] W[r12=0000000000000000][1] R[r 0=0000000000000000] R[r 0=0000000000000000] inst=[00000613] li      a2, 0
C0:       1318 [1] pc=[0000000080000266] W[r11=0000000080000266][1] R[r 0=0000000000000000] R[r 0=0000000000000000] inst=[00000597] auipc   a1, 0x0
C0:       1319 [1] pc=[000000008000026a] W[r11=0000000080000540][1] R[r11=0000000080000266] R[r 0=0000000000000000] inst=[2da58593] addi    a1, a1, 730
C0:       1320 [1] pc=[000000008000026e] W[r10=0000000080021000][1] R[r 0=0000000000000000] R[r 4=0000000080021000] inst=[00008512] c.mv    a0, tp
C0:       1346 [1] pc=[0000000080000270] W[r 0=0000000000000000][0] R[r 2=0000000080028ff0] R[r 8=0000000000000000] inst=[0000e022] c.sdsp  s0, 0(sp)
C0:       1347 [1] pc=[0000000080000272] W[r 0=0000000000000000][0] R[r 2=0000000080028ff0] R[r 1=000000008000010c] inst=[0000e406] c.sdsp  ra, 8(sp)
C0:       1348 [1] pc=[0000000080000274] W[r 8=0000000080021000][1] R[r 0=0000000000000000] R[r 4=0000000080021000] inst=[00008412] c.mv    s0, tp
C0:       1349 [1] pc=[0000000080000276] W[r 1=000000008000027a][1] R[r 0=0000000000000000] R[r 0=0000000000000000] inst=[164000ef] jal     pc + 0x164
C0:       1381 [1] pc=[00000000800003da] W[r 6=0000000080021000][1] R[r 0=0000000000000000] R[r10=0000000080021000] inst=[0000832a] c.mv    t1, a0
C0:       1382 [1] pc=[00000000800003dc] W[r 0=0000000000000000][0] R[r12=0000000000000000] R[r 0=0000000000000000] inst=[0000ca09] c.beqz  a2, pc + 18
C0:       1386 [1] pc=[00000000800003ee] W[r 0=00000000800003f0][1] R[r 1=000000008000027a] R[r 0=0000000000000000] inst=[00008082] ret
C0:       1389 [1] pc=[000000008000027a] W[r10=0000000000000000][1] R[r 0=0000000000000000] R[r 0=0000000000000000] inst=[00000513] li      a0, 0
C0:       1390 [1] pc=[000000008000027e] W[r10=0000000080021000][1] R[r10=0000000000000000] R[r 8=0000000080021000] inst=[00009522] c.add   a0, s0
C0:       1422 [1] pc=[0000000080000280] W[r 8=0000000000000000][1] R[r 2=0000000080028ff0] R[r 0=0000000000000000] inst=[00006402] c.ldsp  s0, 0(sp)
C0:       1423 [1] pc=[0000000080000282] W[r 1=000000008000010c][1] R[r 2=0000000080028ff0] R[r 0=0000000000000000] inst=[000060a2] c.ldsp  ra, 8(sp)
C0:       1424 [1] pc=[0000000080000284] W[r12=0000000000000000][1] R[r 0=0000000000000000] R[r 0=0000000000000000] inst=[00000613] li      a2, 0
C0:       1425 [1] pc=[0000000080000288] W[r11=0000000000000000][1] R[r 0=0000000000000000] R[r 0=0000000000000000] inst=[00004581] c.li    a1, 0
C0:       1426 [1] pc=[000000008000028a] W[r 2=0000000080029000][1] R[r 2=0000000080028ff0] R[r 0=0000000000000000] inst=[00000141] c.addi  sp, 16
C0:       1427 [1] pc=[000000008000028c] W[r 0=000000008000028e][1] R[r 0=0000000000000000] R[r 0=0000000000000000] inst=[0000a295] c.j     pc + 356
C0:       1428 [1] pc=[00000000800003f0] W[r 6=0000000080021000][1] R[r 0=0000000000000000] R[r10=0000000080021000] inst=[0000832a] c.mv    t1, a0
C0:       1429 [1] pc=[00000000800003f2] W[r 0=0000000000000000][0] R[r12=0000000000000000] R[r 0=0000000000000000] inst=[0000c611] c.beqz  a2, pc + 12
C0:       1433 [1] pc=[00000000800003fe] W[r 0=0000000080000400][1] R[r 1=000000008000010c] R[r 0=0000000000000000] inst=[00008082] ret
C0:       1435 [1] pc=[000000008000010c] W[r 5=0000000000000000][1] R[r 0=0000000000000000] R[r 0=0000000000000000] inst=[00000293] li      t0, 0
C0:       1436 [1] pc=[0000000080000110] W[r 0=0000000000000000][0] R[r 8=0000000000000000] R[r 5=0000000000000000] inst=[00540463] beq     s0, t0, pc + 8
C0:       1440 [1] pc=[0000000080000118] W[r 5=0000000080000698][1] R[r 3=0000000080000e80] R[r 0=0000000000000000] inst=[81818293] addi    t0, gp, -2024
C0:       1441 [1] pc=[000000008000011c] W[r 6=00000000800007e0][1] R[r 3=0000000080000e80] R[r 0=0000000000000000] inst=[96018313] addi    t1, gp, -1696
C0:       1442 [1] pc=[0000000080000120] W[r 0=0000000000000000][0] R[r 5=0000000080000698] R[r 6=00000000800007e0] inst=[0062f763] bgeu    t0, t1, pc + 14
C0:       1468 [1] pc=[0000000080000124] W[r 0=0000000000000000][0] R[r 5=0000000080000698] R[r 0=0000000000000000] inst=[0002b023] sd      zero, 0(t0)
C0:       1469 [1] pc=[0000000080000128] W[r 5=00000000800006a0][1] R[r 5=0000000080000698] R[r 0=0000000000000000] inst=[000002a1] c.addi  t0, 8
C0:       1470 [1] pc=[000000008000012a] W[r 0=0000000000000000][0] R[r 5=00000000800006a0] R[r 6=00000000800007e0] inst=[fe62ede3] bltu    t0, t1, pc - 6
C0:       1474 [1] pc=[0000000080000124] W[r 0=0000000000000000][0] R[r 5=00000000800006a0] R[r 0=0000000000000000] inst=[0002b023] sd      zero, 0(t0)
C0:       1475 [1] pc=[0000000080000128] W[r 5=00000000800006a8][1] R[r 5=00000000800006a0] R[r 0=0000000000000000] inst=[000002a1] c.addi  t0, 8
C0:       1476 [1] pc=[000000008000012a] W[r 0=0000000000000000][0] R[r 5=00000000800006a8] R[r 6=00000000800007e0] inst=[fe62ede3] bltu    t0, t1, pc - 6
C0:       1480 [1] pc=[0000000080000124] W[r 0=0000000000000000][0] R[r 5=00000000800006a8] R[r 0=0000000000000000] inst=[0002b023] sd      zero, 0(t0)
C0:       1481 [1] pc=[0000000080000128] W[r 5=00000000800006b0][1] R[r 5=00000000800006a8] R[r 0=0000000000000000] inst=[000002a1] c.addi  t0, 8
C0:       1482 [1] pc=[000000008000012a] W[r 0=0000000000000000][0] R[r 5=00000000800006b0] R[r 6=00000000800007e0] inst=[fe62ede3] bltu    t0, t1, pc - 6
C0:       1486 [1] pc=[0000000080000124] W[r 0=0000000000000000][0] R[r 5=00000000800006b0] R[r 0=0000000000000000] inst=[0002b023] sd      zero, 0(t0)
C0:       1487 [1] pc=[0000000080000128] W[r 5=00000000800006b8][1] R[r 5=00000000800006b0] R[r 0=0000000000000000] inst=[000002a1] c.addi  t0, 8
C0:       1488 [1] pc=[000000008000012a] W[r 0=0000000000000000][0] R[r 5=00000000800006b8] R[r 6=00000000800007e0] inst=[fe62ede3] bltu    t0, t1, pc - 6
C0:       1492 [1] pc=[0000000080000124] W[r 0=0000000000000000][0] R[r 5=00000000800006b8] R[r 0=0000000000000000] inst=[0002b023] sd      zero, 0(t0)
C0:       1493 [1] pc=[0000000080000128] W[r 5=00000000800006c0][1] R[r 5=00000000800006b8] R[r 0=0000000000000000] inst=[000002a1] c.addi  t0, 8
C0:       1494 [1] pc=[000000008000012a] W[r 0=0000000000000000][0] R[r 5=00000000800006c0] R[r 6=00000000800007e0] inst=[fe62ede3] bltu    t0, t1, pc - 6
C0:       1520 [1] pc=[0000000080000124] W[r 0=0000000000000000][0] R[r 5=00000000800006c0] R[r 0=0000000000000000] inst=[0002b023] sd      zero, 0(t0)
C0:       1521 [1] pc=[0000000080000128] W[r 5=00000000800006c8][1] R[r 5=00000000800006c0] R[r 0=0000000000000000] inst=[000002a1] c.addi  t0, 8
C0:       1522 [1] pc=[000000008000012a] W[r 0=0000000000000000][0] R[r 5=00000000800006c8] R[r 6=00000000800007e0] inst=[fe62ede3] bltu    t0, t1, pc - 6
C0:       1526 [1] pc=[0000000080000124] W[r 0=0000000000000000][0] R[r 5=00000000800006c8] R[r 0=0000000000000000] inst=[0002b023] sd      zero, 0(t0)
C0:       1527 [1] pc=[0000000080000128] W[r 5=00000000800006d0][1] R[r 5=00000000800006c8] R[r 0=0000000000000000] inst=[000002a1] c.addi  t0, 8
C0:       1528 [1] pc=[000000008000012a] W[r 0=0000000000000000][0] R[r 5=00000000800006d0] R[r 6=00000000800007e0] inst=[fe62ede3] bltu    t0, t1, pc - 6
C0:       1529 [1] pc=[0000000080000124] W[r 0=0000000000000000][0] R[r 5=00000000800006d0] R[r 0=0000000000000000] inst=[0002b023] sd      zero, 0(t0)
C0:       1530 [1] pc=[0000000080000128] W[r 5=00000000800006d8][1] R[r 5=00000000800006d0] R[r 0=0000000000000000] inst=[000002a1] c.addi  t0, 8
C0:       1531 [1] pc=[000000008000012a] W[r 0=0000000000000000][0] R[r 5=00000000800006d8] R[r 6=00000000800007e0] inst=[fe62ede3] bltu    t0, t1, pc - 6
C0:       1535 [1] pc=[0000000080000124] W[r 0=0000000000000000][0] R[r 5=00000000800006d8] R[r 0=0000000000000000] inst=[0002b023] sd      zero, 0(t0)
C0:       1536 [1] pc=[0000000080000128] W[r 5=00000000800006e0][1] R[r 5=00000000800006d8] R[r 0=0000000000000000] inst=[000002a1] c.addi  t0, 8
C0:       1537 [1] pc=[000000008000012a] W[r 0=0000000000000000][0] R[r 5=00000000800006e0] R[r 6=00000000800007e0] inst=[fe62ede3] bltu    t0, t1, pc - 6
C0:       1538 [1] pc=[0000000080000124] W[r 0=0000000000000000][0] R[r 5=00000000800006e0] R[r 0=0000000000000000] inst=[0002b023] sd      zero, 0(t0)
C0:       1539 [1] pc=[0000000080000128] W[r 5=00000000800006e8][1] R[r 5=00000000800006e0] R[r 0=0000000000000000] inst=[000002a1] c.addi  t0, 8
C0:       1540 [1] pc=[000000008000012a] W[r 0=0000000000000000][0] R[r 5=00000000800006e8] R[r 6=00000000800007e0] inst=[fe62ede3] bltu    t0, t1, pc - 6
C0:       1544 [1] pc=[0000000080000124] W[r 0=0000000000000000][0] R[r 5=00000000800006e8] R[r 0=0000000000000000] inst=[0002b023] sd      zero, 0(t0)
C0:       1545 [1] pc=[0000000080000128] W[r 5=00000000800006f0][1] R[r 5=00000000800006e8] R[r 0=0000000000000000] inst=[000002a1] c.addi  t0, 8
C0:       1546 [1] pc=[000000008000012a] W[r 0=0000000000000000][0] R[r 5=00000000800006f0] R[r 6=00000000800007e0] inst=[fe62ede3] bltu    t0, t1, pc - 6
C0:       1547 [1] pc=[0000000080000124] W[r 0=0000000000000000][0] R[r 5=00000000800006f0] R[r 0=0000000000000000] inst=[0002b023] sd      zero, 0(t0)
C0:       1548 [1] pc=[0000000080000128] W[r 5=00000000800006f8][1] R[r 5=00000000800006f0] R[r 0=0000000000000000] inst=[000002a1] c.addi  t0, 8
C0:       1549 [1] pc=[000000008000012a] W[r 0=0000000000000000][0] R[r 5=00000000800006f8] R[r 6=00000000800007e0] inst=[fe62ede3] bltu    t0, t1, pc - 6
C0:       1550 [1] pc=[0000000080000124] W[r 0=0000000000000000][0] R[r 5=00000000800006f8] R[r 0=0000000000000000] inst=[0002b023] sd      zero, 0(t0)
C0:       1551 [1] pc=[0000000080000128] W[r 5=0000000080000700][1] R[r 5=00000000800006f8] R[r 0=0000000000000000] inst=[000002a1] c.addi  t0, 8
C0:       1552 [1] pc=[000000008000012a] W[r 0=0000000000000000][0] R[r 5=0000000080000700] R[r 6=00000000800007e0] inst=[fe62ede3] bltu    t0, t1, pc - 6
C0:       1578 [1] pc=[0000000080000124] W[r 0=0000000000000000][0] R[r 5=0000000080000700] R[r 0=0000000000000000] inst=[0002b023] sd      zero, 0(t0)
C0:       1579 [1] pc=[0000000080000128] W[r 5=0000000080000708][1] R[r 5=0000000080000700] R[r 0=0000000000000000] inst=[000002a1] c.addi  t0, 8
C0:       1580 [1] pc=[000000008000012a] W[r 0=0000000000000000][0] R[r 5=0000000080000708] R[r 6=00000000800007e0] inst=[fe62ede3] bltu    t0, t1, pc - 6
C0:       1581 [1] pc=[0000000080000124] W[r 0=0000000000000000][0] R[r 5=0000000080000708] R[r 0=0000000000000000] inst=[0002b023] sd      zero, 0(t0)
C0:       1582 [1] pc=[0000000080000128] W[r 5=0000000080000710][1] R[r 5=0000000080000708] R[r 0=0000000000000000] inst=[000002a1] c.addi  t0, 8
C0:       1583 [1] pc=[000000008000012a] W[r 0=0000000000000000][0] R[r 5=0000000080000710] R[r 6=00000000800007e0] inst=[fe62ede3] bltu    t0, t1, pc - 6
C0:       1584 [1] pc=[0000000080000124] W[r 0=0000000000000000][0] R[r 5=0000000080000710] R[r 0=0000000000000000] inst=[0002b023] sd      zero, 0(t0)
C0:       1585 [1] pc=[0000000080000128] W[r 5=0000000080000718][1] R[r 5=0000000080000710] R[r 0=0000000000000000] inst=[000002a1] c.addi  t0, 8
C0:       1586 [1] pc=[000000008000012a] W[r 0=0000000000000000][0] R[r 5=0000000080000718] R[r 6=00000000800007e0] inst=[fe62ede3] bltu    t0, t1, pc - 6
C0:       1587 [1] pc=[0000000080000124] W[r 0=0000000000000000][0] R[r 5=0000000080000718] R[r 0=0000000000000000] inst=[0002b023] sd      zero, 0(t0)
C0:       1588 [1] pc=[0000000080000128] W[r 5=0000000080000720][1] R[r 5=0000000080000718] R[r 0=0000000000000000] inst=[000002a1] c.addi  t0, 8
C0:       1589 [1] pc=[000000008000012a] W[r 0=0000000000000000][0] R[r 5=0000000080000720] R[r 6=00000000800007e0] inst=[fe62ede3] bltu    t0, t1, pc - 6
C0:       1590 [1] pc=[0000000080000124] W[r 0=0000000000000000][0] R[r 5=0000000080000720] R[r 0=0000000000000000] inst=[0002b023] sd      zero, 0(t0)
C0:       1591 [1] pc=[0000000080000128] W[r 5=0000000080000728][1] R[r 5=0000000080000720] R[r 0=0000000000000000] inst=[000002a1] c.addi  t0, 8
C0:       1592 [1] pc=[000000008000012a] W[r 0=0000000000000000][0] R[r 5=0000000080000728] R[r 6=00000000800007e0] inst=[fe62ede3] bltu    t0, t1, pc - 6
C0:       1593 [1] pc=[0000000080000124] W[r 0=0000000000000000][0] R[r 5=0000000080000728] R[r 0=0000000000000000] inst=[0002b023] sd      zero, 0(t0)
C0:       1594 [1] pc=[0000000080000128] W[r 5=0000000080000730][1] R[r 5=0000000080000728] R[r 0=0000000000000000] inst=[000002a1] c.addi  t0, 8
C0:       1595 [1] pc=[000000008000012a] W[r 0=0000000000000000][0] R[r 5=0000000080000730] R[r 6=00000000800007e0] inst=[fe62ede3] bltu    t0, t1, pc - 6
C0:       1596 [1] pc=[0000000080000124] W[r 0=0000000000000000][0] R[r 5=0000000080000730] R[r 0=0000000000000000] inst=[0002b023] sd      zero, 0(t0)
C0:       1597 [1] pc=[0000000080000128] W[r 5=0000000080000738][1] R[r 5=0000000080000730] R[r 0=0000000000000000] inst=[000002a1] c.addi  t0, 8
C0:       1598 [1] pc=[000000008000012a] W[r 0=0000000000000000][0] R[r 5=0000000080000738] R[r 6=00000000800007e0] inst=[fe62ede3] bltu    t0, t1, pc - 6
C0:       1599 [1] pc=[0000000080000124] W[r 0=0000000000000000][0] R[r 5=0000000080000738] R[r 0=0000000000000000] inst=[0002b023] sd      zero, 0(t0)
C0:       1600 [1] pc=[0000000080000128] W[r 5=0000000080000740][1] R[r 5=0000000080000738] R[r 0=0000000000000000] inst=[000002a1] c.addi  t0, 8
C0:       1601 [1] pc=[000000008000012a] W[r 0=0000000000000000][0] R[r 5=0000000080000740] R[r 6=00000000800007e0] inst=[fe62ede3] bltu    t0, t1, pc - 6
C0:       1627 [1] pc=[0000000080000124] W[r 0=0000000000000000][0] R[r 5=0000000080000740] R[r 0=0000000000000000] inst=[0002b023] sd      zero, 0(t0)
C0:       1628 [1] pc=[0000000080000128] W[r 5=0000000080000748][1] R[r 5=0000000080000740] R[r 0=0000000000000000] inst=[000002a1] c.addi  t0, 8
C0:       1629 [1] pc=[000000008000012a] W[r 0=0000000000000000][0] R[r 5=0000000080000748] R[r 6=00000000800007e0] inst=[fe62ede3] bltu    t0, t1, pc - 6
C0:       1630 [1] pc=[0000000080000124] W[r 0=0000000000000000][0] R[r 5=0000000080000748] R[r 0=0000000000000000] inst=[0002b023] sd      zero, 0(t0)
C0:       1631 [1] pc=[0000000080000128] W[r 5=0000000080000750][1] R[r 5=0000000080000748] R[r 0=0000000000000000] inst=[000002a1] c.addi  t0, 8
C0:       1632 [1] pc=[000000008000012a] W[r 0=0000000000000000][0] R[r 5=0000000080000750] R[r 6=00000000800007e0] inst=[fe62ede3] bltu    t0, t1, pc - 6
C0:       1633 [1] pc=[0000000080000124] W[r 0=0000000000000000][0] R[r 5=0000000080000750] R[r 0=0000000000000000] inst=[0002b023] sd      zero, 0(t0)
C0:       1634 [1] pc=[0000000080000128] W[r 5=0000000080000758][1] R[r 5=0000000080000750] R[r 0=0000000000000000] inst=[000002a1] c.addi  t0, 8
C0:       1635 [1] pc=[000000008000012a] W[r 0=0000000000000000][0] R[r 5=0000000080000758] R[r 6=00000000800007e0] inst=[fe62ede3] bltu    t0, t1, pc - 6
C0:       1636 [1] pc=[0000000080000124] W[r 0=0000000000000000][0] R[r 5=0000000080000758] R[r 0=0000000000000000] inst=[0002b023] sd      zero, 0(t0)
C0:       1637 [1] pc=[0000000080000128] W[r 5=0000000080000760][1] R[r 5=0000000080000758] R[r 0=0000000000000000] inst=[000002a1] c.addi  t0, 8
C0:       1638 [1] pc=[000000008000012a] W[r 0=0000000000000000][0] R[r 5=0000000080000760] R[r 6=00000000800007e0] inst=[fe62ede3] bltu    t0, t1, pc - 6
C0:       1639 [1] pc=[0000000080000124] W[r 0=0000000000000000][0] R[r 5=0000000080000760] R[r 0=0000000000000000] inst=[0002b023] sd      zero, 0(t0)
C0:       1640 [1] pc=[0000000080000128] W[r 5=0000000080000768][1] R[r 5=0000000080000760] R[r 0=0000000000000000] inst=[000002a1] c.addi  t0, 8
C0:       1641 [1] pc=[000000008000012a] W[r 0=0000000000000000][0] R[r 5=0000000080000768] R[r 6=00000000800007e0] inst=[fe62ede3] bltu    t0, t1, pc - 6
C0:       1642 [1] pc=[0000000080000124] W[r 0=0000000000000000][0] R[r 5=0000000080000768] R[r 0=0000000000000000] inst=[0002b023] sd      zero, 0(t0)
C0:       1643 [1] pc=[0000000080000128] W[r 5=0000000080000770][1] R[r 5=0000000080000768] R[r 0=0000000000000000] inst=[000002a1] c.addi  t0, 8
C0:       1644 [1] pc=[000000008000012a] W[r 0=0000000000000000][0] R[r 5=0000000080000770] R[r 6=00000000800007e0] inst=[fe62ede3] bltu    t0, t1, pc - 6
C0:       1645 [1] pc=[0000000080000124] W[r 0=0000000000000000][0] R[r 5=0000000080000770] R[r 0=0000000000000000] inst=[0002b023] sd      zero, 0(t0)
C0:       1646 [1] pc=[0000000080000128] W[r 5=0000000080000778][1] R[r 5=0000000080000770] R[r 0=0000000000000000] inst=[000002a1] c.addi  t0, 8
C0:       1647 [1] pc=[000000008000012a] W[r 0=0000000000000000][0] R[r 5=0000000080000778] R[r 6=00000000800007e0] inst=[fe62ede3] bltu    t0, t1, pc - 6
C0:       1648 [1] pc=[0000000080000124] W[r 0=0000000000000000][0] R[r 5=0000000080000778] R[r 0=0000000000000000] inst=[0002b023] sd      zero, 0(t0)
C0:       1649 [1] pc=[0000000080000128] W[r 5=0000000080000780][1] R[r 5=0000000080000778] R[r 0=0000000000000000] inst=[000002a1] c.addi  t0, 8
C0:       1650 [1] pc=[000000008000012a] W[r 0=0000000000000000][0] R[r 5=0000000080000780] R[r 6=00000000800007e0] inst=[fe62ede3] bltu    t0, t1, pc - 6
C0:       1676 [1] pc=[0000000080000124] W[r 0=0000000000000000][0] R[r 5=0000000080000780] R[r 0=0000000000000000] inst=[0002b023] sd      zero, 0(t0)
C0:       1677 [1] pc=[0000000080000128] W[r 5=0000000080000788][1] R[r 5=0000000080000780] R[r 0=0000000000000000] inst=[000002a1] c.addi  t0, 8
C0:       1678 [1] pc=[000000008000012a] W[r 0=0000000000000000][0] R[r 5=0000000080000788] R[r 6=00000000800007e0] inst=[fe62ede3] bltu    t0, t1, pc - 6
C0:       1679 [1] pc=[0000000080000124] W[r 0=0000000000000000][0] R[r 5=0000000080000788] R[r 0=0000000000000000] inst=[0002b023] sd      zero, 0(t0)
C0:       1680 [1] pc=[0000000080000128] W[r 5=0000000080000790][1] R[r 5=0000000080000788] R[r 0=0000000000000000] inst=[000002a1] c.addi  t0, 8
C0:       1681 [1] pc=[000000008000012a] W[r 0=0000000000000000][0] R[r 5=0000000080000790] R[r 6=00000000800007e0] inst=[fe62ede3] bltu    t0, t1, pc - 6
C0:       1682 [1] pc=[0000000080000124] W[r 0=0000000000000000][0] R[r 5=0000000080000790] R[r 0=0000000000000000] inst=[0002b023] sd      zero, 0(t0)
C0:       1683 [1] pc=[0000000080000128] W[r 5=0000000080000798][1] R[r 5=0000000080000790] R[r 0=0000000000000000] inst=[000002a1] c.addi  t0, 8
C0:       1684 [1] pc=[000000008000012a] W[r 0=0000000000000000][0] R[r 5=0000000080000798] R[r 6=00000000800007e0] inst=[fe62ede3] bltu    t0, t1, pc - 6
C0:       1685 [1] pc=[0000000080000124] W[r 0=0000000000000000][0] R[r 5=0000000080000798] R[r 0=0000000000000000] inst=[0002b023] sd      zero, 0(t0)
C0:       1686 [1] pc=[0000000080000128] W[r 5=00000000800007a0][1] R[r 5=0000000080000798] R[r 0=0000000000000000] inst=[000002a1] c.addi  t0, 8
C0:       1687 [1] pc=[000000008000012a] W[r 0=0000000000000000][0] R[r 5=00000000800007a0] R[r 6=00000000800007e0] inst=[fe62ede3] bltu    t0, t1, pc - 6
C0:       1688 [1] pc=[0000000080000124] W[r 0=0000000000000000][0] R[r 5=00000000800007a0] R[r 0=0000000000000000] inst=[0002b023] sd      zero, 0(t0)
C0:       1689 [1] pc=[0000000080000128] W[r 5=00000000800007a8][1] R[r 5=00000000800007a0] R[r 0=0000000000000000] inst=[000002a1] c.addi  t0, 8
C0:       1690 [1] pc=[000000008000012a] W[r 0=0000000000000000][0] R[r 5=00000000800007a8] R[r 6=00000000800007e0] inst=[fe62ede3] bltu    t0, t1, pc - 6
C0:       1691 [1] pc=[0000000080000124] W[r 0=0000000000000000][0] R[r 5=00000000800007a8] R[r 0=0000000000000000] inst=[0002b023] sd      zero, 0(t0)
C0:       1692 [1] pc=[0000000080000128] W[r 5=00000000800007b0][1] R[r 5=00000000800007a8] R[r 0=0000000000000000] inst=[000002a1] c.addi  t0, 8
C0:       1693 [1] pc=[000000008000012a] W[r 0=0000000000000000][0] R[r 5=00000000800007b0] R[r 6=00000000800007e0] inst=[fe62ede3] bltu    t0, t1, pc - 6
C0:       1694 [1] pc=[0000000080000124] W[r 0=0000000000000000][0] R[r 5=00000000800007b0] R[r 0=0000000000000000] inst=[0002b023] sd      zero, 0(t0)
C0:       1695 [1] pc=[0000000080000128] W[r 5=00000000800007b8][1] R[r 5=00000000800007b0] R[r 0=0000000000000000] inst=[000002a1] c.addi  t0, 8
C0:       1696 [1] pc=[000000008000012a] W[r 0=0000000000000000][0] R[r 5=00000000800007b8] R[r 6=00000000800007e0] inst=[fe62ede3] bltu    t0, t1, pc - 6
C0:       1697 [1] pc=[0000000080000124] W[r 0=0000000000000000][0] R[r 5=00000000800007b8] R[r 0=0000000000000000] inst=[0002b023] sd      zero, 0(t0)
C0:       1698 [1] pc=[0000000080000128] W[r 5=00000000800007c0][1] R[r 5=00000000800007b8] R[r 0=0000000000000000] inst=[000002a1] c.addi  t0, 8
C0:       1699 [1] pc=[000000008000012a] W[r 0=0000000000000000][0] R[r 5=00000000800007c0] R[r 6=00000000800007e0] inst=[fe62ede3] bltu    t0, t1, pc - 6
C0:       1725 [1] pc=[0000000080000124] W[r 0=0000000000000000][0] R[r 5=00000000800007c0] R[r 0=0000000000000000] inst=[0002b023] sd      zero, 0(t0)
C0:       1726 [1] pc=[0000000080000128] W[r 5=00000000800007c8][1] R[r 5=00000000800007c0] R[r 0=0000000000000000] inst=[000002a1] c.addi  t0, 8
C0:       1727 [1] pc=[000000008000012a] W[r 0=0000000000000000][0] R[r 5=00000000800007c8] R[r 6=00000000800007e0] inst=[fe62ede3] bltu    t0, t1, pc - 6
C0:       1728 [1] pc=[0000000080000124] W[r 0=0000000000000000][0] R[r 5=00000000800007c8] R[r 0=0000000000000000] inst=[0002b023] sd      zero, 0(t0)
C0:       1729 [1] pc=[0000000080000128] W[r 5=00000000800007d0][1] R[r 5=00000000800007c8] R[r 0=0000000000000000] inst=[000002a1] c.addi  t0, 8
C0:       1730 [1] pc=[000000008000012a] W[r 0=0000000000000000][0] R[r 5=00000000800007d0] R[r 6=00000000800007e0] inst=[fe62ede3] bltu    t0, t1, pc - 6
C0:       1731 [1] pc=[0000000080000124] W[r 0=0000000000000000][0] R[r 5=00000000800007d0] R[r 0=0000000000000000] inst=[0002b023] sd      zero, 0(t0)
C0:       1732 [1] pc=[0000000080000128] W[r 5=00000000800007d8][1] R[r 5=00000000800007d0] R[r 0=0000000000000000] inst=[000002a1] c.addi  t0, 8
C0:       1733 [1] pc=[000000008000012a] W[r 0=0000000000000000][0] R[r 5=00000000800007d8] R[r 6=00000000800007e0] inst=[fe62ede3] bltu    t0, t1, pc - 6
C0:       1734 [1] pc=[0000000080000124] W[r 0=0000000000000000][0] R[r 5=00000000800007d8] R[r 0=0000000000000000] inst=[0002b023] sd      zero, 0(t0)
C0:       1735 [1] pc=[0000000080000128] W[r 5=00000000800007e0][1] R[r 5=00000000800007d8] R[r 0=0000000000000000] inst=[000002a1] c.addi  t0, 8
C0:       1736 [1] pc=[000000008000012a] W[r 0=0000000000000000][0] R[r 5=00000000800007e0] R[r 6=00000000800007e0] inst=[fe62ede3] bltu    t0, t1, pc - 6
C0:       1741 [1] pc=[000000008000012e] W[r10=000000008000012e][1] R[r 0=0000000000000000] R[r 0=0000000000000000] inst=[00000517] auipc   a0, 0x0
C0:       1742 [1] pc=[0000000080000132] W[r10=0000000080000338][1] R[r10=000000008000012e] R[r 0=0000000000000000] inst=[20a50513] addi    a0, a0, 522
C0:       1743 [1] pc=[0000000080000136] W[r 1=000000008000013a][1] R[r 0=0000000000000000] R[r 0=0000000000000000] inst=[1cc000ef] jal     pc + 0x1cc
C0:       1776 [1] pc=[0000000080000302] W[r11=0000000080000338][1] R[r 0=0000000000000000] R[r10=0000000080000338] inst=[000085aa] c.mv    a1, a0
C0:       1777 [1] pc=[0000000080000304] W[r13=0000000000000000][1] R[r 0=0000000000000000] R[r 0=0000000000000000] inst=[00004681] c.li    a3, 0
C0:       1778 [1] pc=[0000000080000306] W[r12=0000000000000000][1] R[r 0=0000000000000000] R[r 0=0000000000000000] inst=[00004601] c.li    a2, 0
C0:       1779 [1] pc=[0000000080000308] W[r10=0000000000000000][1] R[r 0=0000000000000000] R[r 0=0000000000000000] inst=[00004501] c.li    a0, 0
C0:       1780 [1] pc=[000000008000030a] W[r 0=000000008000030c][1] R[r 0=0000000000000000] R[r 0=0000000000000000] inst=[0000a8dd] c.j     pc + 246
C0:       1812 [1] pc=[0000000080000400] W[r17=0000000000000000][1] R[r 0=0000000000000000] R[r10=0000000000000000] inst=[000088aa] c.mv    a7, a0
C0:       1813 [1] pc=[0000000080000402] W[r10=00000000800006b8][1] R[r 3=0000000080000e80] R[r 0=0000000000000000] inst=[83818513] addi    a0, gp, -1992
C0:       1814 [1] pc=[0000000080000406] W[r15=0000000000000000][1] R[r10=00000000800006b8] R[r 0=0000000000000000] inst=[0000611c] c.ld    a5, 0(a0)
C0:       1816 [1] pc=[0000000080000408] W[r 0=0000000000000000][0] R[r15=0000000000000000] R[r 0=0000000000000000] inst=[0000ef91] c.bnez  a5, pc + 28
C0:       1817 [1] pc=[000000008000040a] W[r14=00000000800006c8][1] R[r 3=0000000080000e80] R[r 0=0000000000000000] inst=[84818713] addi    a4, gp, -1976
C0:       1818 [1] pc=[000000008000040e] W[r 0=0000000000000000][0] R[r10=00000000800006b8] R[r14=00000000800006c8] inst=[0000e118] c.sd    a4, 0(a0)
C0:       1819 [1] pc=[0000000080000410] W[r10=0000000000000410][1] R[r 0=0000000000000000] R[r 0=0000000000000000] inst=[80000517] auipc   a0, 0x80000
C0:       1820 [1] pc=[0000000080000414] W[r10=0000000000000000][1] R[r10=0000000000000410] R[r 0=0000000000000000] inst=[bf050513] addi    a0, a0, -1040
C0:       1821 [1] pc=[0000000080000418] W[r15=00000000800006c8][1] R[r 0=0000000000000000] R[r14=00000000800006c8] inst=[000087ba] c.mv    a5, a4
C0:       1822 [1] pc=[000000008000041a] W[r 0=0000000000000000][0] R[r10=0000000000000000] R[r 0=0000000000000000] inst=[0000c509] c.beqz  a0, pc + 10
C0:       1826 [1] pc=[0000000080000424] W[r14=0000000000000000][1] R[r15=00000000800006c8] R[r 0=0000000000000000] inst=[00004798] c.lw    a4, 8(a5)
C0:       1827 [1] pc=[0000000080000426] W[r16=000000000000001f][1] R[r 0=0000000000000000] R[r 0=0000000000000000] inst=[0000487d] c.li    a6, 31
C0:       1828 [1] pc=[0000000080000428] W[r10=ffffffffffffffff][1] R[r 0=0000000000000000] R[r 0=0000000000000000] inst=[0000557d] c.li    a0, -1
C0:       1829 [1] pc=[000000008000042a] W[r 0=0000000000000000][0] R[r16=000000000000001f] R[r14=0000000000000000] inst=[04e84763] blt     a6, a4, pc + 78
C0:       1830 [1] pc=[000000008000042e] W[r 0=0000000000000000][0] R[r17=0000000000000000] R[r 0=0000000000000000] inst=[02088d63] beqz    a7, pc + 58
C0:       1865 [1] pc=[0000000080000468] W[r13=0000000000000001][1] R[r14=0000000000000000] R[r 0=0000000000000000] inst=[0017069b] addiw   a3, a4, 1
C0:       1866 [1] pc=[000000008000046c] W[r14=0000000000000002][1] R[r14=0000000000000000] R[r 0=0000000000000000] inst=[00000709] c.addi  a4, 2
C0:       1867 [1] pc=[000000008000046e] W[r14=0000000000000010][1] R[r14=0000000000000002] R[r 0=0000000000000000] inst=[0000070e] c.slli  a4, 3
C0:       1868 [1] pc=[0000000080000470] W[r 0=0000000000000000][0] R[r15=00000000800006c8] R[r13=0000000000000001] inst=[0000c794] c.sw    a3, 8(a5)
C0:       1869 [1] pc=[0000000080000472] W[r15=00000000800006d8][1] R[r15=00000000800006c8] R[r14=0000000000000010] inst=[000097ba] c.add   a5, a4
C0:       1870 [1] pc=[0000000080000474] W[r 0=0000000000000000][0] R[r15=00000000800006d8] R[r11=0000000080000338] inst=[0000e38c] c.sd    a1, 0(a5)
C0:       1871 [1] pc=[0000000080000476] W[r10=0000000000000000][1] R[r 0=0000000000000000] R[r 0=0000000000000000] inst=[00004501] c.li    a0, 0
C0:       1872 [1] pc=[0000000080000478] W[r 0=000000008000047a][1] R[r 1=000000008000013a] R[r 0=0000000000000000] inst=[00008082] ret
C0:       1873 [1] pc=[000000008000013a] W[r 1=000000008000013e][1] R[r 0=0000000000000000] R[r 0=0000000000000000] inst=[236000ef] jal     pc + 0x236
C0:       1905 [1] pc=[0000000080000370] W[r 2=0000000080028fe0][1] R[r 2=0000000080029000] R[r 0=0000000000000000] inst=[00001101] c.addi  sp, -32
C0:       1906 [1] pc=[0000000080000372] W[r15=0000000080000372][1] R[r 0=0000000000000000] R[r 0=0000000000000000] inst=[00000797] auipc   a5, 0x0
C0:       1907 [1] pc=[0000000080000376] W[r15=0000000080000590][1] R[r15=0000000080000372] R[r 0=0000000000000000] inst=[21e78793] addi    a5, a5, 542
C0:       1908 [1] pc=[000000008000037a] W[r 0=0000000000000000][0] R[r 2=0000000080028fe0] R[r 8=0000000000000000] inst=[0000e822] c.sdsp  s0, 16(sp)
C0:       1909 [1] pc=[000000008000037c] W[r 8=000000008000037c][1] R[r 0=0000000000000000] R[r 0=0000000000000000] inst=[00000417] auipc   s0, 0x0
C0:       1941 [1] pc=[0000000080000380] W[r 8=0000000080000590][1] R[r 8=000000008000037c] R[r 0=0000000000000000] inst=[21440413] addi    s0, s0, 532
C0:       1942 [1] pc=[0000000080000384] W[r 8=0000000000000000][1] R[r 8=0000000080000590] R[r15=0000000080000590] inst=[00008c1d] c.sub   s0, a5
C0:       1943 [1] pc=[0000000080000386] W[r 0=0000000000000000][0] R[r 2=0000000080028fe0] R[r 9=0000000000000000] inst=[0000e426] c.sdsp  s1, 8(sp)
C0:       1944 [1] pc=[0000000080000388] W[r 0=0000000000000000][0] R[r 2=0000000080028fe0] R[r18=0000000000000000] inst=[0000e04a] c.sdsp  s2, 0(sp)
C0:       1945 [1] pc=[000000008000038a] W[r 0=0000000000000000][0] R[r 2=0000000080028fe0] R[r 1=000000008000013e] inst=[0000ec06] c.sdsp  ra, 24(sp)
C0:       1946 [1] pc=[000000008000038c] W[r 8=0000000000000000][1] R[r 8=0000000000000000] R[r 0=0000000000000000] inst=[0000840d] c.srai  s0, 3
C0:       1947 [1] pc=[000000008000038e] W[r 9=0000000000000000][1] R[r 0=0000000000000000] R[r 0=0000000000000000] inst=[00004481] c.li    s1, 0
C0:       1948 [1] pc=[0000000080000390] W[r18=0000000080000590][1] R[r 0=0000000000000000] R[r15=0000000080000590] inst=[0000893e] c.mv    s2, a5
C0:       1949 [1] pc=[0000000080000392] W[r 0=0000000000000000][0] R[r 9=0000000000000000] R[r 8=0000000000000000] inst=[02849663] bne     s1, s0, pc + 44
C0:       1950 [1] pc=[0000000080000396] W[r15=0000000080000396][1] R[r 0=0000000000000000] R[r 0=0000000000000000] inst=[00000797] auipc   a5, 0x0
C0:       1951 [1] pc=[000000008000039a] W[r15=0000000080000590][1] R[r15=0000000080000396] R[r 0=0000000000000000] inst=[1fa78793] addi    a5, a5, 506
C0:       1952 [1] pc=[000000008000039e] W[r 8=000000008000039e][1] R[r 0=0000000000000000] R[r 0=0000000000000000] inst=[00000417] auipc   s0, 0x0
C0:       1953 [1] pc=[00000000800003a2] W[r 8=0000000080000590][1] R[r 8=000000008000039e] R[r 0=0000000000000000] inst=[1f240413] addi    s0, s0, 498
C0:       1954 [1] pc=[00000000800003a6] W[r 8=0000000000000000][1] R[r 8=0000000080000590] R[r15=0000000080000590] inst=[00008c1d] c.sub   s0, a5
C0:       1955 [1] pc=[00000000800003a8] W[r 8=0000000000000000][1] R[r 8=0000000000000000] R[r 0=0000000000000000] inst=[0000840d] c.srai  s0, 3
C0:       1956 [1] pc=[00000000800003aa] W[r 9=0000000000000000][1] R[r 0=0000000000000000] R[r 0=0000000000000000] inst=[00004481] c.li    s1, 0
C0:       1957 [1] pc=[00000000800003ac] W[r18=0000000080000590][1] R[r 0=0000000000000000] R[r15=0000000080000590] inst=[0000893e] c.mv    s2, a5
C0:       1958 [1] pc=[00000000800003ae] W[r 0=0000000000000000][0] R[r 9=0000000000000000] R[r 8=0000000000000000] inst=[00849f63] bne     s1, s0, pc + 30
C0:       1959 [1] pc=[00000000800003b2] W[r 1=000000008000013e][1] R[r 2=0000000080028fe0] R[r 0=0000000000000000] inst=[000060e2] c.ldsp  ra, 24(sp)
C0:       1960 [1] pc=[00000000800003b4] W[r 8=0000000000000000][1] R[r 2=0000000080028fe0] R[r 0=0000000000000000] inst=[00006442] c.ldsp  s0, 16(sp)
C0:       1961 [1] pc=[00000000800003b6] W[r 9=0000000000000000][1] R[r 2=0000000080028fe0] R[r 0=0000000000000000] inst=[000064a2] c.ldsp  s1, 8(sp)
C0:       1962 [1] pc=[00000000800003b8] W[r18=0000000000000000][1] R[r 2=0000000080028fe0] R[r 0=0000000000000000] inst=[00006902] c.ldsp  s2, 0(sp)
C0:       1963 [1] pc=[00000000800003ba] W[r 2=0000000080029000][1] R[r 2=0000000080028fe0] R[r 0=0000000000000000] inst=[00006105] c.addi16sp sp, 32
C0:       1964 [1] pc=[00000000800003bc] W[r 0=00000000800003be][1] R[r 1=000000008000013e] R[r 0=0000000000000000] inst=[00008082] ret
C0:       1965 [1] pc=[000000008000013e] W[r 0=0000000080000140][1] R[r 0=0000000000000000] R[r 0=0000000000000000] inst=[0000a845] c.j     pc + 176
C0:       1997 [1] pc=[00000000800001ee] W[r 5=ffffffffffffffff][1] R[r 0=0000000000000000] R[r 0=0000000000000000] inst=[000052fd] c.li    t0, -1
C0:       1998 [1] pc=[00000000800001f0] W[r 0=0000000000000000][0] R[r 0=0000000000000000] R[r 0=0000000000000000] inst=[0110000f] fence   w,w
C0:       1999 [1] pc=[00000000800001f4] W[r 0=0000000000000000][0] R[r 3=0000000080000e80] R[r 5=ffffffffffffffff] inst=[8451a023] sw      t0, -1984(gp)
C0:       2000 [1] pc=[00000000800001f8] W[r10=0000000000000001][1] R[r 0=0000000000000000] R[r 0=0000000000000000] inst=[00004505] c.li    a0, 1
C0:       2001 [1] pc=[00000000800001fa] W[r11=00000000800001fa][1] R[r 0=0000000000000000] R[r 0=0000000000000000] inst=[00000597] auipc   a1, 0x0
C0:       2034 [1] pc=[00000000800001fe] W[r11=0000000080000540][1] R[r11=00000000800001fa] R[r 0=0000000000000000] inst=[34658593] addi    a1, a1, 838
C0:       2035 [1] pc=[0000000080000202] W[r12=0000000080000202][1] R[r 0=0000000000000000] R[r 0=0000000000000000] inst=[00000617] auipc   a2, 0x0
C0:       2036 [1] pc=[0000000080000206] W[r12=00000000800006b0][1] R[r12=0000000080000202] R[r 0=0000000000000000] inst=[47e63603] ld      a2, 1150(a2)
C0:       2037 [1] pc=[000000008000020a] W[r 1=000000008000020e][1] R[r 0=0000000000000000] R[r 0=0000000000000000] inst=[02a000ef] jal     pc + 0x2a
C0:       2039 [1] pc=[0000000080000234] W[r15=0000000000000002][1] R[r 0=0000000000000000] R[r 0=0000000000000000] inst=[00004789] c.li    a5, 2
C0:       2040 [1] pc=[0000000080000236] W[r 0=0000000000000000][0] R[r 3=0000000080000e80] R[r15=0000000000000002] inst=[82f1a023] sw      a5, -2016(gp)
C0:       2041 [1] pc=[000000008000023a] W[r15=0000000000000003][1] R[r 0=0000000000000000] R[r 0=0000000000000000] inst=[0000478d] c.li    a5, 3
C0:       2042 [1] pc=[000000008000023c] W[r 0=0000000000000000][0] R[r 3=0000000080000e80] R[r15=0000000000000003] inst=[80f1ae23] sw      a5, -2020(gp)
C0:       2043 [1] pc=[0000000080000240] W[r15=0000000000000005][1] R[r 0=0000000000000000] R[r 0=0000000000000000] inst=[00004795] c.li    a5, 5
C0:       2044 [1] pc=[0000000080000242] W[r 0=0000000000000000][0] R[r 3=0000000080000e80] R[r15=0000000000000005] inst=[80f1ac23] sw      a5, -2024(gp)
C0:       2045 [1] pc=[0000000080000246] W[r10=0000000000000000][1] R[r 0=0000000000000000] R[r 0=0000000000000000] inst=[00004501] c.li    a0, 0
C0:       2046 [1] pc=[0000000080000248] W[r 0=000000008000024a][1] R[r 1=000000008000020e] R[r 0=0000000000000000] inst=[00008082] ret
C0:       2047 [1] pc=[000000008000020e] W[r 0=0000000080000210][1] R[r 0=0000000000000000] R[r 0=0000000000000000] inst=[0000a8fd] c.j     pc + 254
C0:       2048 [1] pc=[000000008000030c] W[r 2=0000000080028ff0][1] R[r 2=0000000080029000] R[r 0=0000000000000000] inst=[00001141] c.addi  sp, -16
C0:       2049 [1] pc=[000000008000030e] W[r 0=0000000000000000][0] R[r 2=0000000080028ff0] R[r 8=0000000000000000] inst=[0000e022] c.sdsp  s0, 0(sp)
C0:       2050 [1] pc=[0000000080000310] W[r 0=0000000000000000][0] R[r 2=0000000080028ff0] R[r 1=000000008000020e] inst=[0000e406] c.sdsp  ra, 8(sp)
C0:       2051 [1] pc=[0000000080000312] W[r15=0000000080000312][1] R[r 0=0000000000000000] R[r 0=0000000000000000] inst=[00000797] auipc   a5, 0x0
C0:       2052 [1] pc=[0000000080000316] W[r15=000000008000047a][1] R[r15=0000000080000312] R[r 0=0000000000000000] inst=[16878793] addi    a5, a5, 360
C0:       2053 [1] pc=[000000008000031a] W[r 8=0000000000000000][1] R[r 0=0000000000000000] R[r10=0000000000000000] inst=[0000842a] c.mv    s0, a0
C0:       2054 [1] pc=[000000008000031c] W[r 0=0000000000000000][0] R[r15=000000008000047a] R[r 0=0000000000000000] inst=[0000c781] c.beqz  a5, pc + 8
C0:       2055 [1] pc=[000000008000031e] W[r11=0000000000000000][1] R[r 0=0000000000000000] R[r 0=0000000000000000] inst=[00004581] c.li    a1, 0
C0:       2056 [1] pc=[0000000080000320] W[r 1=0000000080000324][1] R[r 0=0000000000000000] R[r 0=0000000000000000] inst=[15a000ef] jal     pc + 0x15a
C0:       2057 [1] pc=[000000008000047a] W[r 2=0000000080028fa0][1] R[r 2=0000000080028ff0] R[r 0=0000000000000000] inst=[0000715d] c.addi16sp sp, -80
C0:       2058 [1] pc=[000000008000047c] W[r 0=0000000000000000][0] R[r 2=0000000080028fa0] R[r19=0000000000000000] inst=[0000f44e] c.sdsp  s3, 40(sp)
C0:       2059 [1] pc=[000000008000047e] W[r 0=0000000000000000][0] R[r 2=0000000080028fa0] R[r20=0000000000000000] inst=[0000f052] c.sdsp  s4, 32(sp)
C0:       2116 [1] pc=[0000000080000480] W[r 0=0000000000000000][0] R[r 2=0000000080028fa0] R[r21=0000000000000000] inst=[0000ec56] c.sdsp  s5, 24(sp)
C0:       2117 [1] pc=[0000000080000482] W[r 0=0000000000000000][0] R[r 2=0000000080028fa0] R[r22=0000000000000000] inst=[0000e85a] c.sdsp  s6, 16(sp)
C0:       2118 [1] pc=[0000000080000484] W[r 0=0000000000000000][0] R[r 2=0000000080028fa0] R[r 1=0000000080000324] inst=[0000e486] c.sdsp  ra, 72(sp)
C0:       2119 [1] pc=[0000000080000486] W[r 0=0000000000000000][0] R[r 2=0000000080028fa0] R[r 8=0000000000000000] inst=[0000e0a2] c.sdsp  s0, 64(sp)
C0:       2120 [1] pc=[0000000080000488] W[r 0=0000000000000000][0] R[r 2=0000000080028fa0] R[r 9=0000000000000000] inst=[0000fc26] c.sdsp  s1, 56(sp)
C0:       2121 [1] pc=[000000008000048a] W[r 0=0000000000000000][0] R[r 2=0000000080028fa0] R[r18=0000000000000000] inst=[0000f84a] c.sdsp  s2, 48(sp)
C0:       2122 [1] pc=[000000008000048c] W[r 0=0000000000000000][0] R[r 2=0000000080028fa0] R[r23=0000000000000000] inst=[0000e45e] c.sdsp  s7, 8(sp)
C0:       2123 [1] pc=[000000008000048e] W[r20=0000000000000000][1] R[r 0=0000000000000000] R[r10=0000000000000000] inst=[00008a2a] c.mv    s4, a0
C0:       2124 [1] pc=[0000000080000490] W[r19=0000000000000000][1] R[r 0=0000000000000000] R[r11=0000000000000000] inst=[000089ae] c.mv    s3, a1
C0:       2125 [1] pc=[0000000080000492] W[r21=00000000800006b8][1] R[r 3=0000000080000e80] R[r 0=0000000000000000] inst=[83818a93] addi    s5, gp, -1992
C0:       2126 [1] pc=[0000000080000496] W[r22=0000000000000001][1] R[r 0=0000000000000000] R[r 0=0000000000000000] inst=[00004b05] c.li    s6, 1
C0:       2127 [1] pc=[0000000080000498] W[r 8=00000000800006c8][1] R[r21=00000000800006b8] R[r 0=0000000000000000] inst=[000ab403] ld      s0, 0(s5)
C0:       2129 [1] pc=[000000008000049c] W[r 0=0000000000000000][0] R[r 8=00000000800006c8] R[r 0=0000000000000000] inst=[0000c819] c.beqz  s0, pc + 22
C0:       2130 [1] pc=[000000008000049e] W[r 9=0000000000000001][1] R[r 8=00000000800006c8] R[r 0=0000000000000000] inst=[00004404] c.lw    s1, 8(s0)
C0:       2131 [1] pc=[00000000800004a0] W[r18=0000000000000000][1] R[r 8=00000000800006c8] R[r 0=0000000000000000] inst=[11043903] ld      s2, 272(s0)
C0:       2132 [1] pc=[00000000800004a4] W[r 9=0000000000000000][1] R[r 9=0000000000000001] R[r 0=0000000000000000] inst=[000034fd] c.addiw s1, -1
C0:       2133 [1] pc=[00000000800004a6] W[r14=0000000000000000][1] R[r 9=0000000000000000] R[r 0=0000000000000000] inst=[02049713] slli    a4, s1, 32
C0:       2134 [1] pc=[00000000800004aa] W[r15=0000000000000000][1] R[r 9=0000000000000000] R[r 0=0000000000000000] inst=[0004879b] sext.w  a5, s1
C0:       2135 [1] pc=[00000000800004ae] W[r 0=0000000000000000][0] R[r14=0000000000000000] R[r 0=0000000000000000] inst=[00075d63] bgez    a4, pc + 26
C0:       2170 [1] pc=[00000000800004c8] W[r 0=0000000000000000][0] R[r19=0000000000000000] R[r 0=0000000000000000] inst=[00098d63] beqz    s3, pc + 26
C0:       2174 [1] pc=[00000000800004e2] W[r14=0000000000000001][1] R[r 8=00000000800006c8] R[r 0=0000000000000000] inst=[00004418] c.lw    a4, 8(s0)
C0:       2175 [1] pc=[00000000800004e4] W[r12=0000000000000000][1] R[r 9=0000000000000000] R[r 0=0000000000000000] inst=[00349613] slli    a2, s1, 3
C0:       2176 [1] pc=[00000000800004e8] W[r11=00000000800006c8][1] R[r 8=00000000800006c8] R[r12=0000000000000000] inst=[00c405b3] add     a1, s0, a2
C0:       2177 [1] pc=[00000000800004ec] W[r14=0000000000000000][1] R[r14=0000000000000001] R[r 0=0000000000000000] inst=[0000377d] c.addiw a4, -1
C0:       2178 [1] pc=[00000000800004ee] W[r13=0000000080000338][1] R[r11=00000000800006c8] R[r 0=0000000000000000] inst=[00006994] c.ld    a3, 16(a1)
C0:       2179 [1] pc=[00000000800004f0] W[r 0=0000000000000000][0] R[r14=0000000000000000] R[r15=0000000000000000] inst=[02f71863] bne     a4, a5, pc + 48
C0:       2180 [1] pc=[00000000800004f4] W[r 0=0000000000000000][0] R[r 8=00000000800006c8] R[r15=0000000000000000] inst=[0000c41c] c.sw    a5, 8(s0)
C0:       2181 [1] pc=[00000000800004f6] W[r 0=0000000000000000][0] R[r13=0000000080000338] R[r 0=0000000000000000] inst=[0000dee9] c.beqz  a3, pc - 38
C0:       2187 [1] pc=[00000000800004f8] W[r23=0000000000000000][1] R[r 8=00000000800006c8] R[r 0=0000000000000000] inst=[00842b83] lw      s7, 8(s0)
C0:       2188 [1] pc=[00000000800004fc] W[r 0=0000000000000000][0] R[r18=0000000000000000] R[r 0=0000000000000000] inst=[00090963] beqz    s2, pc + 18
C0:       2223 [1] pc=[000000008000050e] W[r 1=0000000080000510][1] R[r13=0000000080000338] R[r 0=0000000000000000] inst=[00009682] c.jalr  a3
C0:       2227 [1] pc=[0000000080000338] W[r 2=0000000080028f80][1] R[r 2=0000000080028fa0] R[r 0=0000000000000000] inst=[00001101] c.addi  sp, -32
C0:       2228 [1] pc=[000000008000033a] W[r15=000000008000033a][1] R[r 0=0000000000000000] R[r 0=0000000000000000] inst=[00000797] auipc   a5, 0x0
C0:       2229 [1] pc=[000000008000033e] W[r15=0000000080000590][1] R[r15=000000008000033a] R[r 0=0000000000000000] inst=[25678793] addi    a5, a5, 598
C0:       2230 [1] pc=[0000000080000342] W[r 0=0000000000000000][0] R[r 2=0000000080028f80] R[r 8=00000000800006c8] inst=[0000e822] c.sdsp  s0, 16(sp)
C0:       2231 [1] pc=[0000000080000344] W[r 8=0000000080000344][1] R[r 0=0000000000000000] R[r 0=0000000000000000] inst=[00000417] auipc   s0, 0x0
C0:       2232 [1] pc=[0000000080000348] W[r 8=0000000080000590][1] R[r 8=0000000080000344] R[r 0=0000000000000000] inst=[24c40413] addi    s0, s0, 588
C0:       2233 [1] pc=[000000008000034c] W[r 8=0000000000000000][1] R[r 8=0000000080000590] R[r15=0000000080000590] inst=[00008c1d] c.sub   s0, a5
C0:       2234 [1] pc=[000000008000034e] W[r 0=0000000000000000][0] R[r 2=0000000080028f80] R[r 9=0000000000000000] inst=[0000e426] c.sdsp  s1, 8(sp)
C0:       2235 [1] pc=[0000000080000350] W[r 0=0000000000000000][0] R[r 2=0000000080028f80] R[r 1=0000000080000510] inst=[0000ec06] c.sdsp  ra, 24(sp)
C0:       2236 [1] pc=[0000000080000352] W[r 8=0000000000000000][1] R[r 8=0000000000000000] R[r 0=0000000000000000] inst=[0000840d] c.srai  s0, 3
C0:       2237 [1] pc=[0000000080000354] W[r 9=0000000080000590][1] R[r 0=0000000000000000] R[r15=0000000080000590] inst=[000084be] c.mv    s1, a5
C0:       2238 [1] pc=[0000000080000356] W[r 0=0000000000000000][0] R[r 8=0000000000000000] R[r 0=0000000000000000] inst=[0000e411] c.bnez  s0, pc + 12
C0:       2239 [1] pc=[0000000080000358] W[r 1=0000000080000510][1] R[r 2=0000000080028f80] R[r 0=0000000000000000] inst=[000060e2] c.ldsp  ra, 24(sp)
C0:       2240 [1] pc=[000000008000035a] W[r 8=00000000800006c8][1] R[r 2=0000000080028f80] R[r 0=0000000000000000] inst=[00006442] c.ldsp  s0, 16(sp)
C0:       2241 [1] pc=[000000008000035c] W[r 9=0000000000000000][1] R[r 2=0000000080028f80] R[r 0=0000000000000000] inst=[000064a2] c.ldsp  s1, 8(sp)
C0:       2242 [1] pc=[000000008000035e] W[r 2=0000000080028fa0][1] R[r 2=0000000080028f80] R[r 0=0000000000000000] inst=[00006105] c.addi16sp sp, 32
C0:       2243 [1] pc=[0000000080000360] W[r 0=0000000080000362][1] R[r 1=0000000080000510] R[r 0=0000000000000000] inst=[00008082] ret
C0:       2244 [1] pc=[0000000080000510] W[r14=0000000000000000][1] R[r 8=00000000800006c8] R[r 0=0000000000000000] inst=[00004418] c.lw    a4, 8(s0)
C0:       2245 [1] pc=[0000000080000512] W[r15=00000000800006c8][1] R[r21=00000000800006b8] R[r 0=0000000000000000] inst=[000ab783] ld      a5, 0(s5)
C0:       2246 [1] pc=[0000000080000516] W[r 0=0000000000000000][0] R[r14=0000000000000000] R[r23=0000000000000000] inst=[f97711e3] bne     a4, s7, pc - 126
C0:       2247 [1] pc=[000000008000051a] W[r 0=0000000000000000][0] R[r 8=00000000800006c8] R[r15=00000000800006c8] inst=[faf40be3] beq     s0, a5, pc - 74
C0:       2251 [1] pc=[00000000800004d0] W[r 9=ffffffffffffffff][1] R[r 9=0000000000000000] R[r 0=0000000000000000] inst=[000014fd] c.addi  s1, -1
C0:       2252 [1] pc=[00000000800004d2] W[r 0=00000000800004d4][1] R[r 0=0000000000000000] R[r 0=0000000000000000] inst=[0000bfd1] c.j     pc - 44
C0:       2254 [1] pc=[00000000800004a6] W[r14=ffffffff00000000][1] R[r 9=ffffffffffffffff] R[r 0=0000000000000000] inst=[02049713] slli    a4, s1, 32
C0:       2255 [1] pc=[00000000800004aa] W[r15=ffffffffffffffff][1] R[r 9=ffffffffffffffff] R[r 0=0000000000000000] inst=[0004879b] sext.w  a5, s1
C0:       2256 [1] pc=[00000000800004ae] W[r 0=0000000000000000][0] R[r14=ffffffff00000000] R[r 0=0000000000000000] inst=[00075d63] bgez    a4, pc + 26
C0:       2257 [1] pc=[00000000800004b2] W[r 1=0000000080000324][1] R[r 2=0000000080028fa0] R[r 0=0000000000000000] inst=[000060a6] c.ldsp  ra, 72(sp)
C0:       2258 [1] pc=[00000000800004b4] W[r 8=0000000000000000][1] R[r 2=0000000080028fa0] R[r 0=0000000000000000] inst=[00006406] c.ldsp  s0, 64(sp)
C0:       2259 [1] pc=[00000000800004b6] W[r 9=0000000000000000][1] R[r 2=0000000080028fa0] R[r 0=0000000000000000] inst=[000074e2] c.ldsp  s1, 56(sp)
C0:       2260 [1] pc=[00000000800004b8] W[r18=0000000000000000][1] R[r 2=0000000080028fa0] R[r 0=0000000000000000] inst=[00007942] c.ldsp  s2, 48(sp)
C0:       2261 [1] pc=[00000000800004ba] W[r19=0000000000000000][1] R[r 2=0000000080028fa0] R[r 0=0000000000000000] inst=[000079a2] c.ldsp  s3, 40(sp)
C0:       2262 [1] pc=[00000000800004bc] W[r20=0000000000000000][1] R[r 2=0000000080028fa0] R[r 0=0000000000000000] inst=[00007a02] c.ldsp  s4, 32(sp)
C0:       2263 [1] pc=[00000000800004be] W[r21=0000000000000000][1] R[r 2=0000000080028fa0] R[r 0=0000000000000000] inst=[00006ae2] c.ldsp  s5, 24(sp)
C0:       2264 [1] pc=[00000000800004c0] W[r22=0000000000000000][1] R[r 2=0000000080028fa0] R[r 0=0000000000000000] inst=[00006b42] c.ldsp  s6, 16(sp)
C0:       2265 [1] pc=[00000000800004c2] W[r23=0000000000000000][1] R[r 2=0000000080028fa0] R[r 0=0000000000000000] inst=[00006ba2] c.ldsp  s7, 8(sp)
C0:       2266 [1] pc=[00000000800004c4] W[r 2=0000000080028ff0][1] R[r 2=0000000080028fa0] R[r 0=0000000000000000] inst=[00006161] c.addi16sp sp, 80
C0:       2267 [1] pc=[00000000800004c6] W[r 0=00000000800004c8][1] R[r 1=0000000080000324] R[r 0=0000000000000000] inst=[00008082] ret
C0:       2268 [1] pc=[0000000080000324] W[r10=0000000080000324][1] R[r 0=0000000000000000] R[r 0=0000000000000000] inst=[00000517] auipc   a0, 0x0
C0:       2294 [1] pc=[0000000080000328] W[r10=00000000800005d0][1] R[r10=0000000080000324] R[r 0=0000000000000000] inst=[26453503] ld      a0, 612(a0)
C0:       2321 [1] pc=[000000008000032c] W[r15=0000000000000000][1] R[r10=00000000800005d0] R[r 0=0000000000000000] inst=[0000653c] c.ld    a5, 72(a0)
C0:       2323 [1] pc=[000000008000032e] W[r 0=0000000000000000][0] R[r15=0000000000000000] R[r 0=0000000000000000] inst=[0000c391] c.beqz  a5, pc + 4
C0:       2324 [1] pc=[0000000080000332] W[r10=0000000000000000][1] R[r 0=0000000000000000] R[r 8=0000000000000000] inst=[00008522] c.mv    a0, s0
C0:       2325 [1] pc=[0000000080000334] W[r 1=0000000080000338][1] R[r 0=0000000000000000] R[r 0=0000000000000000] inst=[f61ff0ef] jal     pc - 0xa0
C0:       2326 [1] pc=[0000000080000294] W[r15=0000000000000000][1] R[r10=0000000000000000] R[r 0=0000000000000000] inst=[0015179b] slliw   a5, a0, 1
C0:       2327 [1] pc=[0000000080000298] W[r15=0000000000000001][1] R[r15=0000000000000000] R[r 0=0000000000000000] inst=[0017e793] ori     a5, a5, 1
C0:       2328 [1] pc=[000000008000029c] W[r15=0000000000000001][1] R[r15=0000000000000001] R[r 0=0000000000000000] inst=[00002781] c.addiw a5, 0
C0:       2329 [1] pc=[000000008000029e] W[r15=0000000000010000][1] R[r15=0000000000000001] R[r 0=0000000000000000] inst=[000007c2] c.slli  a5, 16
C0:       2330 [1] pc=[00000000800002a0] W[r15=0000000000000001][1] R[r15=0000000000010000] R[r 0=0000000000000000] inst=[000083c1] c.srli  a5, 16
C0:       2331 [1] pc=[00000000800002a2] W[r14=00000000800002a2][1] R[r 0=0000000000000000] R[r 0=0000000000000000] inst=[00000717] auipc   a4, 0x0
C0:       2332 [1] pc=[00000000800002a6] W[r14=00000000800005c0][1] R[r14=00000000800002a2] R[r 0=0000000000000000] inst=[31e70713] addi    a4, a4, 798
C0:       2333 [1] pc=[00000000800002aa] W[r13=00000000800002aa][1] R[r 0=0000000000000000] R[r 0=0000000000000000] inst=[00000697] auipc   a3, 0x0
C0:       2351 [1] pc=[00000000800002ae] W[r 0=0000000000000000][0] R[r13=00000000800002aa] R[r 0=0000000000000000] inst=[3006bf23] sd      zero, 798(a3)
C0:       2352 [1] pc=[00000000800002b2] W[r 0=0000000000000000][0] R[r14=00000000800005c0] R[r15=0000000000000001] inst=[0000e31c] c.sd    a5, 0(a4)
C0:       2353 [1] pc=[00000000800002b4] W[r 0=00000000800002b6][1] R[r 0=0000000000000000] R[r 0=0000000000000000] inst=[0000bfdd] c.j     pc - 10
C0:       2354 [1] pc=[00000000800002aa] W[r13=00000000800002aa][1] R[r 0=0000000000000000] R[r 0=0000000000000000] inst=[00000697] auipc   a3, 0x0
C0:       2355 [1] pc=[00000000800002ae] W[r 0=0000000000000000][0] R[r13=00000000800002aa] R[r 0=0000000000000000] inst=[3006bf23] sd      zero, 798(a3)
C0:       2356 [1] pc=[00000000800002b2] W[r 0=0000000000000000][0] R[r14=00000000800005c0] R[r15=0000000000000001] inst=[0000e31c] c.sd    a5, 0(a4)
C0:       2357 [1] pc=[00000000800002b4] W[r 0=00000000800002b6][1] R[r 0=0000000000000000] R[r 0=0000000000000000] inst=[0000bfdd] c.j     pc - 10
C0:       2358 [1] pc=[00000000800002aa] W[r13=00000000800002aa][1] R[r 0=0000000000000000] R[r 0=0000000000000000] inst=[00000697] auipc   a3, 0x0
C0:       2359 [1] pc=[00000000800002ae] W[r 0=0000000000000000][0] R[r13=00000000800002aa] R[r 0=0000000000000000] inst=[3006bf23] sd      zero, 798(a3)
C0:       2360 [1] pc=[00000000800002b2] W[r 0=0000000000000000][0] R[r14=00000000800005c0] R[r15=0000000000000001] inst=[0000e31c] c.sd    a5, 0(a4)
C0:       2361 [1] pc=[00000000800002b4] W[r 0=00000000800002b6][1] R[r 0=0000000000000000] R[r 0=0000000000000000] inst=[0000bfdd] c.j     pc - 10
C0:       2362 [1] pc=[00000000800002aa] W[r13=00000000800002aa][1] R[r 0=0000000000000000] R[r 0=0000000000000000] inst=[00000697] auipc   a3, 0x0
C0:       2363 [1] pc=[00000000800002ae] W[r 0=0000000000000000][0] R[r13=00000000800002aa] R[r 0=0000000000000000] inst=[3006bf23] sd      zero, 798(a3)
C0:       2364 [1] pc=[00000000800002b2] W[r 0=0000000000000000][0] R[r14=00000000800005c0] R[r15=0000000000000001] inst=[0000e31c] c.sd    a5, 0(a4)
C0:       2365 [1] pc=[00000000800002b4] W[r 0=00000000800002b6][1] R[r 0=0000000000000000] R[r 0=0000000000000000] inst=[0000bfdd] c.j     pc - 10
C0:       2366 [1] pc=[00000000800002aa] W[r13=00000000800002aa][1] R[r 0=0000000000000000] R[r 0=0000000000000000] inst=[00000697] auipc   a3, 0x0
C0:       2367 [1] pc=[00000000800002ae] W[r 0=0000000000000000][0] R[r13=00000000800002aa] R[r 0=0000000000000000] inst=[3006bf23] sd      zero, 798(a3)
C0:       2368 [1] pc=[00000000800002b2] W[r 0=0000000000000000][0] R[r14=00000000800005c0] R[r15=0000000000000001] inst=[0000e31c] c.sd    a5, 0(a4)
C0:       2369 [1] pc=[00000000800002b4] W[r 0=00000000800002b6][1] R[r 0=0000000000000000] R[r 0=0000000000000000] inst=[0000bfdd] c.j     pc - 10
C0:       2370 [1] pc=[00000000800002aa] W[r13=00000000800002aa][1] R[r 0=0000000000000000] R[r 0=0000000000000000] inst=[00000697] auipc   a3, 0x0
C0:       2371 [1] pc=[00000000800002ae] W[r 0=0000000000000000][0] R[r13=00000000800002aa] R[r 0=0000000000000000] inst=[3006bf23] sd      zero, 798(a3)
C0:       2372 [1] pc=[00000000800002b2] W[r 0=0000000000000000][0] R[r14=00000000800005c0] R[r15=0000000000000001] inst=[0000e31c] c.sd    a5, 0(a4)
C0:       2373 [1] pc=[00000000800002b4] W[r 0=00000000800002b6][1] R[r 0=0000000000000000] R[r 0=0000000000000000] inst=[0000bfdd] c.j     pc - 10
C0:       2374 [1] pc=[00000000800002aa] W[r13=00000000800002aa][1] R[r 0=0000000000000000] R[r 0=0000000000000000] inst=[00000697] auipc   a3, 0x0
*** PASSED *** Completed after 2503 cycles
